  Player.cpp
C:\Users\qwer1\2021\기능대회연습\04-05\DirectX_Game_EmptyProject_0405\EmptyProject\Player.cpp(70,17): warning C4244: '=': 'FLOAT'에서 'int'(으)로 변환하면서 데이터가 손실될 수 있습니다.
C:\Users\qwer1\2021\기능대회연습\04-05\DirectX_Game_EmptyProject_0405\EmptyProject\Player.cpp(71,17): warning C4244: '=': 'FLOAT'에서 'int'(으)로 변환하면서 데이터가 손실될 수 있습니다.
C:\Users\qwer1\2021\기능대회연습\04-05\DirectX_Game_EmptyProject_0405\EmptyProject\Player.cpp(72,22): warning C4018: '<': signed 또는 unsigned가 일치하지 않습니다.
C:\Users\qwer1\2021\기능대회연습\04-05\DirectX_Game_EmptyProject_0405\EmptyProject\Player.cpp(74,14): warning C4458: 'nx' 선언은 클래스 멤버를 숨깁니다.
C:\Users\qwer1\2021\기능대회연습\04-05\DirectX_Game_EmptyProject_0405\EmptyProject\Player.h(18,6): message : 'Player::nx' 선언을 참조하십시오.
C:\Users\qwer1\2021\기능대회연습\04-05\DirectX_Game_EmptyProject_0405\EmptyProject\Player.cpp(74,12): warning C4244: '초기화 중': 'FLOAT'에서 'int'(으)로 변환하면서 데이터가 손실될 수 있습니다.
C:\Users\qwer1\2021\기능대회연습\04-05\DirectX_Game_EmptyProject_0405\EmptyProject\Player.cpp(75,14): warning C4458: 'ny' 선언은 클래스 멤버를 숨깁니다.
C:\Users\qwer1\2021\기능대회연습\04-05\DirectX_Game_EmptyProject_0405\EmptyProject\Player.h(19,6): message : 'Player::ny' 선언을 참조하십시오.
C:\Users\qwer1\2021\기능대회연습\04-05\DirectX_Game_EmptyProject_0405\EmptyProject\Player.cpp(75,12): warning C4244: '초기화 중': 'FLOAT'에서 'int'(으)로 변환하면서 데이터가 손실될 수 있습니다.
C:\Users\qwer1\2021\기능대회연습\04-05\DirectX_Game_EmptyProject_0405\EmptyProject\Player.cpp(136,17): warning C4244: '=': 'int'에서 'FLOAT'(으)로 변환하면서 데이터가 손실될 수 있습니다.
C:\Users\qwer1\2021\기능대회연습\04-05\DirectX_Game_EmptyProject_0405\EmptyProject\Player.cpp(137,17): warning C4244: '=': 'int'에서 'FLOAT'(으)로 변환하면서 데이터가 손실될 수 있습니다.
C:\Users\qwer1\2021\기능대회연습\04-05\DirectX_Game_EmptyProject_0405\EmptyProject\Player.cpp(147,42): warning C4244: '인수': 'int'에서 'FLOAT'(으)로 변환하면서 데이터가 손실될 수 있습니다.
C:\Users\qwer1\2021\기능대회연습\04-05\DirectX_Game_EmptyProject_0405\EmptyProject\Player.cpp(147,38): warning C4244: '인수': 'int'에서 'FLOAT'(으)로 변환하면서 데이터가 손실될 수 있습니다.
C:\Users\qwer1\2021\기능대회연습\04-05\DirectX_Game_EmptyProject_0405\EmptyProject\Player.cpp(169,57): warning C4244: '인수': 'int'에서 'FLOAT'(으)로 변환하면서 데이터가 손실될 수 있습니다.
C:\Users\qwer1\2021\기능대회연습\04-05\DirectX_Game_EmptyProject_0405\EmptyProject\Player.cpp(169,30): warning C4244: '인수': 'int'에서 'FLOAT'(으)로 변환하면서 데이터가 손실될 수 있습니다.
  코드를 생성하고 있습니다.
  10 of 1199 functions ( 0.8%) were compiled, the rest were copied from previous compilation.
    0 functions were new in current compilation
    11 functions had inline decision re-evaluated but remain unchanged
  코드를 생성했습니다.
  EmptyProject_2010.vcxproj -> C:\Users\qwer1\2021\기능대회연습\04-05\DirectX_Game_EmptyProject_0405\EmptyProject\Release\EmptyProject.exe
